# JRE version: Java(TM) SE Runtime Environment (16.0.2+7) (build 16.0.2+7-67)
# Java VM: Java HotSpot(TM) 64-Bit Server VM (16.0.2+7-67, mixed mode, sharing, tiered, compressed oops, compressed class ptrs, g1 gc, windows-amd64)
GC Precious Log:
 CPUs: 8 total, 8 available
 Memory: 8037M
 Large Page Support: Disabled
 NUMA Support: Disabled
 Compressed Oops: Enabled (32-bit)
 Heap Region Size: 1M
 Heap Min Capacity: 8M
 Heap Initial Capacity: 126M
 Heap Max Capacity: 2010M
 Pre-touch: Disabled
 Parallel Workers: 8
 Concurrent Workers: 2
 Concurrent Refinement Workers: 8
 Periodic GC: Disabled
Heap:
 garbage-first heap   total 75776K, used 64874K [0x0000000082600000, 0x0000000100000000)
  region size 1024K, 33 young (33792K), 2 survivors (2048K)
 Metaspace       used 63452K, committed 63872K, reserved 1105920K
  class space    used 7985K, committed 8192K, reserved 1048576K
GC Heap History (20 events):
Event: 2034.832 GC heap before
{Heap before GC invocations=21 (full 0):
 garbage-first heap   total 75776K, used 59239K [0x0000000082600000, 0x0000000100000000)
  region size 1024K, 28 young (28672K), 1 survivors (1024K)
 Metaspace       used 61451K, committed 61952K, reserved 1105920K
  class space    used 7949K, committed 8192K, reserved 1048576K
}
Event: 2034.881 GC heap after
{Heap after GC invocations=22 (full 0):
 garbage-first heap   total 75776K, used 32140K [0x0000000082600000, 0x0000000100000000)
  region size 1024K, 1 young (1024K), 1 survivors (1024K)
 Metaspace       used 61451K, committed 61952K, reserved 1105920K
  class space    used 7949K, committed 8192K, reserved 1048576K
}
Event: 2389.206 GC heap before
{Heap before GC invocations=22 (full 0):
 garbage-first heap   total 75776K, used 59788K [0x0000000082600000, 0x0000000100000000)
  region size 1024K, 28 young (28672K), 1 survivors (1024K)
 Metaspace       used 61773K, committed 62272K, reserved 1105920K
  class space    used 7954K, committed 8192K, reserved 1048576K
}
Event: 2389.264 GC heap after
{Heap after GC invocations=23 (full 0):
 garbage-first heap   total 75776K, used 32146K [0x0000000082600000, 0x0000000100000000)
  region size 1024K, 1 young (1024K), 1 survivors (1024K)
 Metaspace       used 61773K, committed 62272K, reserved 1105920K
  class space    used 7954K, committed 8192K, reserved 1048576K
}
Event: 2825.286 GC heap before
{Heap before GC invocations=23 (full 0):
 garbage-first heap   total 75776K, used 61842K [0x0000000082600000, 0x0000000100000000)
  region size 1024K, 30 young (30720K), 1 survivors (1024K)
 Metaspace       used 62052K, committed 62528K, reserved 1105920K
  class space    used 7956K, committed 8192K, reserved 1048576K
}
Event: 2825.342 GC heap after
{Heap after GC invocations=24 (full 0):
 garbage-first heap   total 75776K, used 32207K [0x0000000082600000, 0x0000000100000000)
  region size 1024K, 1 young (1024K), 1 survivors (1024K)
 Metaspace       used 62052K, committed 62528K, reserved 1105920K
  class space    used 7956K, committed 8192K, reserved 1048576K
}
Event: 5337.933 GC heap before
{Heap before GC invocations=24 (full 0):
 garbage-first heap   total 75776K, used 60879K [0x0000000082600000, 0x0000000100000000)
  region size 1024K, 30 young (30720K), 1 survivors (1024K)
 Metaspace       used 62339K, committed 62784K, reserved 1105920K
  class space    used 7984K, committed 8192K, reserved 1048576K
}
Event: 5337.966 GC heap after
{Heap after GC invocations=25 (full 0):
 garbage-first heap   total 75776K, used 32644K [0x0000000082600000, 0x0000000100000000)
  region size 1024K, 2 young (2048K), 2 survivors (2048K)
 Metaspace       used 62339K, committed 62784K, reserved 1105920K
  class space    used 7984K, committed 8192K, reserved 1048576K
}
Event: 6093.639 GC heap before
{Heap before GC invocations=25 (full 0):
 garbage-first heap   total 75776K, used 62340K [0x0000000082600000, 0x0000000100000000)
  region size 1024K, 31 young (31744K), 2 survivors (2048K)
 Metaspace       used 62515K, committed 62976K, reserved 1105920K
  class space    used 7984K, committed 8192K, reserved 1048576K
}
Event: 6093.712 GC heap after
{Heap after GC invocations=26 (full 0):
 garbage-first heap   total 75776K, used 33026K [0x0000000082600000, 0x0000000100000000)
  region size 1024K, 2 young (2048K), 2 survivors (2048K)
 Metaspace       used 62515K, committed 62976K, reserved 1105920K
  class space    used 7984K, committed 8192K, reserved 1048576K
}
Event: 6094.381 GC heap before
{Heap before GC invocations=26 (full 0):
 garbage-first heap   total 75776K, used 62722K [0x0000000082600000, 0x0000000100000000)
  region size 1024K, 31 young (31744K), 2 survivors (2048K)
 Metaspace       used 62676K, committed 63168K, reserved 1105920K
  class space    used 7984K, committed 8192K, reserved 1048576K
}
Event: 6094.391 GC heap after
{Heap after GC invocations=27 (full 0):
 garbage-first heap   total 75776K, used 33133K [0x0000000082600000, 0x0000000100000000)
  region size 1024K, 2 young (2048K), 2 survivors (2048K)
 Metaspace       used 62676K, committed 63168K, reserved 1105920K
  class space    used 7984K, committed 8192K, reserved 1048576K
}
Event: 6094.797 GC heap before
{Heap before GC invocations=27 (full 0):
 garbage-first heap   total 75776K, used 62829K [0x0000000082600000, 0x0000000100000000)
  region size 1024K, 31 young (31744K), 2 survivors (2048K)
 Metaspace       used 62781K, committed 63232K, reserved 1105920K
  class space    used 7984K, committed 8192K, reserved 1048576K
}
Event: 6094.807 GC heap after
{Heap after GC invocations=28 (full 0):
 garbage-first heap   total 75776K, used 33141K [0x0000000082600000, 0x0000000100000000)
  region size 1024K, 2 young (2048K), 2 survivors (2048K)
 Metaspace       used 62781K, committed 63232K, reserved 1105920K
  class space    used 7984K, committed 8192K, reserved 1048576K
}
Event: 6095.212 GC heap before
{Heap before GC invocations=28 (full 0):
 garbage-first heap   total 75776K, used 63861K [0x0000000082600000, 0x0000000100000000)
  region size 1024K, 32 young (32768K), 2 survivors (2048K)
 Metaspace       used 62953K, committed 63424K, reserved 1105920K
  class space    used 7984K, committed 8192K, reserved 1048576K
}
Event: 6095.219 GC heap after
{Heap after GC invocations=29 (full 0):
 garbage-first heap   total 75776K, used 33270K [0x0000000082600000, 0x0000000100000000)
  region size 1024K, 2 young (2048K), 2 survivors (2048K)
 Metaspace       used 62953K, committed 63424K, reserved 1105920K
  class space    used 7984K, committed 8192K, reserved 1048576K
}
Event: 6096.554 GC heap before
{Heap before GC invocations=29 (full 0):
 garbage-first heap   total 75776K, used 63990K [0x0000000082600000, 0x0000000100000000)
  region size 1024K, 32 young (32768K), 2 survivors (2048K)
 Metaspace       used 63102K, committed 63552K, reserved 1105920K
  class space    used 7984K, committed 8192K, reserved 1048576K
}
Event: 6096.559 GC heap after
{Heap after GC invocations=30 (full 0):
 garbage-first heap   total 75776K, used 33176K [0x0000000082600000, 0x0000000100000000)
  region size 1024K, 2 young (2048K), 2 survivors (2048K)
 Metaspace       used 63102K, committed 63552K, reserved 1105920K
  class space    used 7984K, committed 8192K, reserved 1048576K
}
Event: 6097.875 GC heap before
{Heap before GC invocations=30 (full 0):
 garbage-first heap   total 75776K, used 64920K [0x0000000082600000, 0x0000000100000000)
  region size 1024K, 33 young (33792K), 2 survivors (2048K)
 Metaspace       used 63265K, committed 63744K, reserved 1105920K
  class space    used 7984K, committed 8192K, reserved 1048576K
}
Event: 6097.879 GC heap after
{Heap after GC invocations=31 (full 0):
 garbage-first heap   total 75776K, used 33130K [0x0000000082600000, 0x0000000100000000)
  region size 1024K, 2 young (2048K), 2 survivors (2048K)
 Metaspace       used 63265K, committed 63744K, reserved 1105920K
  class space    used 7984K, committed 8192K, reserved 1048576K
}

