# JRE version: Java(TM) SE Runtime Environment (16.0.2+7) (build 16.0.2+7-67)
# Java VM: Java HotSpot(TM) 64-Bit Server VM (16.0.2+7-67, mixed mode, sharing, tiered, compressed oops, compressed class ptrs, g1 gc, windows-amd64)
GC Precious Log:
 CPUs: 8 total, 8 available
 Memory: 8037M
 Large Page Support: Disabled
 NUMA Support: Disabled
 Compressed Oops: Enabled (32-bit)
 Heap Region Size: 1M
 Heap Min Capacity: 8M
 Heap Initial Capacity: 126M
 Heap Max Capacity: 2010M
 Pre-touch: Disabled
 Parallel Workers: 8
 Concurrent Workers: 2
 Concurrent Refinement Workers: 8
 Periodic GC: Disabled
Heap:
 garbage-first heap   total 96256K, used 60206K [0x0000000082600000, 0x0000000100000000)
  region size 1024K, 28 young (28672K), 1 survivors (1024K)
 Metaspace       used 61590K, committed 62016K, reserved 1105920K
  class space    used 7851K, committed 8064K, reserved 1048576K
GC Heap History (20 events):
Event: 9.137 GC heap before
{Heap before GC invocations=14 (full 0):
 garbage-first heap   total 48128K, used 36817K [0x0000000082600000, 0x0000000100000000)
  region size 1024K, 18 young (18432K), 2 survivors (2048K)
 Metaspace       used 46216K, committed 46528K, reserved 1089536K
  class space    used 6078K, committed 6208K, reserved 1048576K
}
Event: 9.142 GC heap after
{Heap after GC invocations=15 (full 0):
 garbage-first heap   total 48128K, used 22677K [0x0000000082600000, 0x0000000100000000)
  region size 1024K, 3 young (3072K), 3 survivors (3072K)
 Metaspace       used 46216K, committed 46528K, reserved 1089536K
  class space    used 6078K, committed 6208K, reserved 1048576K
}
Event: 9.518 GC heap before
{Heap before GC invocations=15 (full 0):
 garbage-first heap   total 48128K, used 38037K [0x0000000082600000, 0x0000000100000000)
  region size 1024K, 18 young (18432K), 3 survivors (3072K)
 Metaspace       used 48379K, committed 48768K, reserved 1097728K
  class space    used 6401K, committed 6592K, reserved 1048576K
}
Event: 9.523 GC heap after
{Heap after GC invocations=16 (full 0):
 garbage-first heap   total 48128K, used 23897K [0x0000000082600000, 0x0000000100000000)
  region size 1024K, 3 young (3072K), 3 survivors (3072K)
 Metaspace       used 48379K, committed 48768K, reserved 1097728K
  class space    used 6401K, committed 6592K, reserved 1048576K
}
Event: 9.763 GC heap before
{Heap before GC invocations=16 (full 0):
 garbage-first heap   total 48128K, used 37209K [0x0000000082600000, 0x0000000100000000)
  region size 1024K, 16 young (16384K), 3 survivors (3072K)
 Metaspace       used 49004K, committed 49344K, reserved 1097728K
  class space    used 6483K, committed 6656K, reserved 1048576K
}
Event: 9.769 GC heap after
{Heap after GC invocations=17 (full 0):
 garbage-first heap   total 100352K, used 25599K [0x0000000082600000, 0x0000000100000000)
  region size 1024K, 2 young (2048K), 2 survivors (2048K)
 Metaspace       used 49004K, committed 49344K, reserved 1097728K
  class space    used 6483K, committed 6656K, reserved 1048576K
}
Event: 11.006 GC heap before
{Heap before GC invocations=18 (full 0):
 garbage-first heap   total 96256K, used 74751K [0x0000000082600000, 0x0000000100000000)
  region size 1024K, 50 young (51200K), 2 survivors (2048K)
 Metaspace       used 52227K, committed 52672K, reserved 1097728K
  class space    used 6969K, committed 7168K, reserved 1048576K
}
Event: 11.015 GC heap after
{Heap after GC invocations=19 (full 0):
 garbage-first heap   total 96256K, used 31162K [0x0000000082600000, 0x0000000100000000)
  region size 1024K, 7 young (7168K), 7 survivors (7168K)
 Metaspace       used 52227K, committed 52672K, reserved 1097728K
  class space    used 6969K, committed 7168K, reserved 1048576K
}
Event: 28.372 GC heap before
{Heap before GC invocations=19 (full 0):
 garbage-first heap   total 96256K, used 72122K [0x0000000082600000, 0x0000000100000000)
  region size 1024K, 47 young (48128K), 7 survivors (7168K)
 Metaspace       used 59416K, committed 59904K, reserved 1105920K
  class space    used 7831K, committed 8064K, reserved 1048576K
}
Event: 28.395 GC heap after
{Heap after GC invocations=20 (full 0):
 garbage-first heap   total 96256K, used 33252K [0x0000000082600000, 0x0000000100000000)
  region size 1024K, 4 young (4096K), 4 survivors (4096K)
 Metaspace       used 59416K, committed 59904K, reserved 1105920K
  class space    used 7831K, committed 8064K, reserved 1048576K
}
Event: 32.890 GC heap before
{Heap before GC invocations=20 (full 0):
 garbage-first heap   total 96256K, used 73188K [0x0000000082600000, 0x0000000100000000)
  region size 1024K, 43 young (44032K), 4 survivors (4096K)
 Metaspace       used 60712K, committed 61184K, reserved 1105920K
  class space    used 7849K, committed 8064K, reserved 1048576K
}
Event: 32.901 GC heap after
{Heap after GC invocations=21 (full 0):
 garbage-first heap   total 96256K, used 34255K [0x0000000082600000, 0x0000000100000000)
  region size 1024K, 2 young (2048K), 2 survivors (2048K)
 Metaspace       used 60712K, committed 61184K, reserved 1105920K
  class space    used 7849K, committed 8064K, reserved 1048576K
}
Event: 33.976 GC heap before
{Heap before GC invocations=21 (full 0):
 garbage-first heap   total 96256K, used 74191K [0x0000000082600000, 0x0000000100000000)
  region size 1024K, 41 young (41984K), 2 survivors (2048K)
 Metaspace       used 60962K, committed 61440K, reserved 1105920K
  class space    used 7849K, committed 8064K, reserved 1048576K
}
Event: 33.978 GC heap after
{Heap after GC invocations=22 (full 0):
 garbage-first heap   total 96256K, used 33859K [0x0000000082600000, 0x0000000100000000)
  region size 1024K, 1 young (1024K), 1 survivors (1024K)
 Metaspace       used 60962K, committed 61440K, reserved 1105920K
  class space    used 7849K, committed 8064K, reserved 1048576K
}
Event: 34.918 GC heap before
{Heap before GC invocations=22 (full 0):
 garbage-first heap   total 96256K, used 75843K [0x0000000082600000, 0x0000000100000000)
  region size 1024K, 42 young (43008K), 1 survivors (1024K)
 Metaspace       used 61260K, committed 61696K, reserved 1105920K
  class space    used 7851K, committed 8064K, reserved 1048576K
}
Event: 34.920 GC heap after
{Heap after GC invocations=23 (full 0):
 garbage-first heap   total 96256K, used 33777K [0x0000000082600000, 0x0000000100000000)
  region size 1024K, 1 young (1024K), 1 survivors (1024K)
 Metaspace       used 61260K, committed 61696K, reserved 1105920K
  class space    used 7851K, committed 8064K, reserved 1048576K
}
Event: 35.707 GC heap before
{Heap before GC invocations=23 (full 0):
 garbage-first heap   total 96256K, used 77809K [0x0000000082600000, 0x0000000100000000)
  region size 1024K, 44 young (45056K), 1 survivors (1024K)
 Metaspace       used 61391K, committed 61824K, reserved 1105920K
  class space    used 7851K, committed 8064K, reserved 1048576K
}
Event: 35.709 GC heap after
{Heap after GC invocations=24 (full 0):
 garbage-first heap   total 96256K, used 33799K [0x0000000082600000, 0x0000000100000000)
  region size 1024K, 1 young (1024K), 1 survivors (1024K)
 Metaspace       used 61391K, committed 61824K, reserved 1105920K
  class space    used 7851K, committed 8064K, reserved 1048576K
}
Event: 37.355 GC heap before
{Heap before GC invocations=24 (full 0):
 garbage-first heap   total 96256K, used 78855K [0x0000000082600000, 0x0000000100000000)
  region size 1024K, 45 young (46080K), 1 survivors (1024K)
 Metaspace       used 61533K, committed 62016K, reserved 1105920K
  class space    used 7851K, committed 8064K, reserved 1048576K
}
Event: 37.358 GC heap after
{Heap after GC invocations=25 (full 0):
 garbage-first heap   total 96256K, used 33582K [0x0000000082600000, 0x0000000100000000)
  region size 1024K, 1 young (1024K), 1 survivors (1024K)
 Metaspace       used 61533K, committed 62016K, reserved 1105920K
  class space    used 7851K, committed 8064K, reserved 1048576K
}

